<?xml version="1.0" encoding="UTF-8"?>
<testng-results ignored="0" total="1" passed="1" failed="0" skipped="0">
  <reporter-output>
  </reporter-output>
  <suite started-at="2023-07-13T15:45:23 IST" name="Default suite" finished-at="2023-07-13T15:45:23 IST" duration-ms="46">
    <groups>
    </groups>
    <test started-at="2023-07-13T15:45:23 IST" name="Default test" finished-at="2023-07-13T15:45:23 IST" duration-ms="46">
      <class name="ish.admintest.ExamTest">
        <test-method signature="Sample_test_demo()[pri:0, instance:ish.admintest.ExamTest@56a6d5a6]" started-at="2023-07-13T15:45:23 IST" name="Sample_test_demo" finished-at="2023-07-13T15:45:23 IST" duration-ms="9" status="PASS">
          <reporter-output>
          </reporter-output>
        </test-method> <!-- Sample_test_demo -->
      </class> <!-- ish.admintest.ExamTest -->
    </test> <!-- Default test -->
  </suite> <!-- Default suite -->
</testng-results>
